<?xml version="1.0" encoding="UTF-8"?>
<testng-results skipped="0" failed="0" ignored="0" total="1" passed="1">
  <reporter-output>
  </reporter-output>
  <suite name="Default suite" duration-ms="7106" started-at="2020-02-26T19:28:54 EST" finished-at="2020-02-26T19:29:02 EST">
    <groups>
    </groups>
    <test name="Default test" duration-ms="7106" started-at="2020-02-26T19:28:54 EST" finished-at="2020-02-26T19:29:02 EST">
      <class name="testcases.TestCase1">
        <test-method status="PASS" signature="setup()[pri:0, instance:testcases.TestCase1@dd05255]" name="setup" is-config="true" duration-ms="6319" started-at="2020-02-26T19:28:54 EST" finished-at="2020-02-26T19:29:01 EST">
          <reporter-output>
          </reporter-output>
        </test-method> <!-- setup -->
        <test-method status="PASS" signature="verifyTitle()[pri:0, instance:testcases.TestCase1@dd05255]" name="verifyTitle" duration-ms="70" started-at="2020-02-26T19:29:01 EST" finished-at="2020-02-26T19:29:01 EST">
          <reporter-output>
          </reporter-output>
        </test-method> <!-- verifyTitle -->
        <test-method status="PASS" signature="tearDown()[pri:0, instance:testcases.TestCase1@dd05255]" name="tearDown" is-config="true" duration-ms="680" started-at="2020-02-26T19:29:01 EST" finished-at="2020-02-26T19:29:02 EST">
          <reporter-output>
          </reporter-output>
        </test-method> <!-- tearDown -->
      </class> <!-- testcases.TestCase1 -->
    </test> <!-- Default test -->
  </suite> <!-- Default suite -->
</testng-results>
